<?xml version="1.0" encoding="UTF-8"?>
<testsuite name="com.example.books.BooksApplicationTests" tests="1" skipped="0" failures="0" errors="0" timestamp="2021-11-11T13:58:42" hostname="DESKTOP-OOD7FU1" time="0.665">
  <properties/>
  <testcase name="contextLoads()" classname="com.example.books.BooksApplicationTests" time="0.665"/>
  <system-out><![CDATA[22:58:37.172 [Test worker] DEBUG org.springframework.test.context.BootstrapUtils - Instantiating CacheAwareContextLoaderDelegate from class [org.springframework.test.context.cache.DefaultCacheAwareContextLoaderDelegate]
22:58:37.186 [Test worker] DEBUG org.springframework.test.context.BootstrapUtils - Instantiating BootstrapContext using constructor [public org.springframework.test.context.support.DefaultBootstrapContext(java.lang.Class,org.springframework.test.context.CacheAwareContextLoaderDelegate)]
22:58:37.239 [Test worker] DEBUG org.springframework.test.context.BootstrapUtils - Instantiating TestContextBootstrapper for test class [com.example.books.BooksApplicationTests] from class [org.springframework.boot.test.context.SpringBootTestContextBootstrapper]
22:58:37.252 [Test worker] INFO org.springframework.boot.test.context.SpringBootTestContextBootstrapper - Neither @ContextConfiguration nor @ContextHierarchy found for test class [com.example.books.BooksApplicationTests], using SpringBootContextLoader
22:58:37.257 [Test worker] DEBUG org.springframework.test.context.support.AbstractContextLoader - Did not detect default resource location for test class [com.example.books.BooksApplicationTests]: class path resource [com/example/books/BooksApplicationTests-context.xml] does not exist
22:58:37.259 [Test worker] DEBUG org.springframework.test.context.support.AbstractContextLoader - Did not detect default resource location for test class [com.example.books.BooksApplicationTests]: class path resource [com/example/books/BooksApplicationTestsContext.groovy] does not exist
22:58:37.260 [Test worker] INFO org.springframework.test.context.support.AbstractContextLoader - Could not detect default resource locations for test class [com.example.books.BooksApplicationTests]: no resource found for suffixes {-context.xml, Context.groovy}.
22:58:37.261 [Test worker] INFO org.springframework.test.context.support.AnnotationConfigContextLoaderUtils - Could not detect default configuration classes for test class [com.example.books.BooksApplicationTests]: BooksApplicationTests does not declare any static, non-private, non-final, nested classes annotated with @Configuration.
22:58:37.349 [Test worker] DEBUG org.springframework.test.context.support.ActiveProfilesUtils - Could not find an 'annotation declaring class' for annotation type [org.springframework.test.context.ActiveProfiles] and class [com.example.books.BooksApplicationTests]
22:58:37.449 [Test worker] DEBUG org.springframework.context.annotation.ClassPathScanningCandidateComponentProvider - Identified candidate component class: file [/home/spyrr/dev/java/springboot-backend-ex/build/classes/java/main/com/example/books/BooksApplication.class]
22:58:37.450 [Test worker] INFO org.springframework.boot.test.context.SpringBootTestContextBootstrapper - Found @SpringBootConfiguration com.example.books.BooksApplication for test class com.example.books.BooksApplicationTests
22:58:37.595 [Test worker] DEBUG org.springframework.boot.test.context.SpringBootTestContextBootstrapper - @TestExecutionListeners is not present for class [com.example.books.BooksApplicationTests]: using defaults.
22:58:37.596 [Test worker] INFO org.springframework.boot.test.context.SpringBootTestContextBootstrapper - Loaded default TestExecutionListener class names from location [META-INF/spring.factories]: [org.springframework.boot.test.autoconfigure.restdocs.RestDocsTestExecutionListener, org.springframework.boot.test.autoconfigure.web.client.MockRestServiceServerResetTestExecutionListener, org.springframework.boot.test.autoconfigure.web.servlet.MockMvcPrintOnlyOnFailureTestExecutionListener, org.springframework.boot.test.autoconfigure.web.servlet.WebDriverTestExecutionListener, org.springframework.boot.test.autoconfigure.webservices.client.MockWebServiceServerTestExecutionListener, org.springframework.boot.test.mock.mockito.MockitoTestExecutionListener, org.springframework.boot.test.mock.mockito.ResetMocksTestExecutionListener, org.springframework.test.context.web.ServletTestExecutionListener, org.springframework.test.context.support.DirtiesContextBeforeModesTestExecutionListener, org.springframework.test.context.event.ApplicationEventsTestExecutionListener, org.springframework.test.context.support.DependencyInjectionTestExecutionListener, org.springframework.test.context.support.DirtiesContextTestExecutionListener, org.springframework.test.context.transaction.TransactionalTestExecutionListener, org.springframework.test.context.jdbc.SqlScriptsTestExecutionListener, org.springframework.test.context.event.EventPublishingTestExecutionListener]
22:58:37.620 [Test worker] INFO org.springframework.boot.test.context.SpringBootTestContextBootstrapper - Using TestExecutionListeners: [org.springframework.test.context.web.ServletTestExecutionListener@340b5d35, org.springframework.test.context.support.DirtiesContextBeforeModesTestExecutionListener@70edf750, org.springframework.test.context.event.ApplicationEventsTestExecutionListener@3409d9d, org.springframework.boot.test.mock.mockito.MockitoTestExecutionListener@24519020, org.springframework.boot.test.autoconfigure.SpringBootDependencyInjectionTestExecutionListener@4add836a, org.springframework.test.context.support.DirtiesContextTestExecutionListener@5595aa16, org.springframework.test.context.transaction.TransactionalTestExecutionListener@52be794c, org.springframework.test.context.jdbc.SqlScriptsTestExecutionListener@7ac623ab, org.springframework.test.context.event.EventPublishingTestExecutionListener@5ca6394a, org.springframework.boot.test.autoconfigure.restdocs.RestDocsTestExecutionListener@249bfdd2, org.springframework.boot.test.autoconfigure.web.client.MockRestServiceServerResetTestExecutionListener@5ce9414, org.springframework.boot.test.autoconfigure.web.servlet.MockMvcPrintOnlyOnFailureTestExecutionListener@4e5e347d, org.springframework.boot.test.autoconfigure.web.servlet.WebDriverTestExecutionListener@23df3895, org.springframework.boot.test.autoconfigure.webservices.client.MockWebServiceServerTestExecutionListener@58513451, org.springframework.boot.test.mock.mockito.ResetMocksTestExecutionListener@294e657b]
22:58:37.625 [Test worker] DEBUG org.springframework.test.context.support.AbstractDirtiesContextTestExecutionListener - Before test class: context [DefaultTestContext@7ecdcc39 testClass = BooksApplicationTests, testInstance = [null], testMethod = [null], testException = [null], mergedContextConfiguration = [WebMergedContextConfiguration@3a25f669 testClass = BooksApplicationTests, locations = '{}', classes = '{class com.example.books.BooksApplication}', contextInitializerClasses = '[]', activeProfiles = '{}', propertySourceLocations = '{}', propertySourceProperties = '{org.springframework.boot.test.context.SpringBootTestContextBootstrapper=true}', contextCustomizers = set[org.springframework.boot.test.autoconfigure.actuate.metrics.MetricsExportContextCustomizerFactory$DisableMetricExportContextCustomizer@76901712, org.springframework.boot.test.autoconfigure.properties.PropertyMappingContextCustomizer@0, org.springframework.boot.test.autoconfigure.web.servlet.WebDriverContextCustomizerFactory$Customizer@3994fdcf, org.springframework.boot.test.context.filter.ExcludeFilterContextCustomizer@45f9c79f, org.springframework.boot.test.json.DuplicateJsonObjectContextCustomizerFactory$DuplicateJsonObjectContextCustomizer@7c17b03d, org.springframework.boot.test.mock.mockito.MockitoContextCustomizer@0, org.springframework.boot.test.web.client.TestRestTemplateContextCustomizer@5519d6c2, org.springframework.boot.test.context.SpringBootTestArgs@1, org.springframework.boot.test.context.SpringBootTestWebEnvironment@71ca9b6], resourceBasePath = 'src/main/webapp', contextLoader = 'org.springframework.boot.test.context.SpringBootContextLoader', parent = [null]], attributes = map['org.springframework.test.context.web.ServletTestExecutionListener.activateListener' -> true]], class annotated with @DirtiesContext [false] with mode [null].
22:58:37.675 [Test worker] DEBUG org.springframework.test.context.support.TestPropertySourceUtils - Adding inlined properties to environment: {spring.jmx.enabled=false, org.springframework.boot.test.context.SpringBootTestContextBootstrapper=true}

  .   ____          _            __ _ _
 /\\ / ___'_ __ _ _(_)_ __  __ _ \ \ \ \
( ( )\___ | '_ | '_| | '_ \/ _` | \ \ \ \
 \\/  ___)| |_)| | | | | || (_| |  ) ) ) )
  '  |____| .__|_| |_|_| |_\__, | / / / /
 =========|_|==============|___/=/_/_/_/
 :: Spring Boot ::       (v2.6.0-SNAPSHOT)

2021-11-11 22:58:38.115  INFO 12149 --- [    Test worker] com.example.books.BooksApplicationTests  : Starting BooksApplicationTests using Java 14.0.2 on DESKTOP-OOD7FU1 with PID 12149 (started by spyrr in /home/spyrr/dev/java/springboot-backend-ex)
2021-11-11 22:58:38.126  INFO 12149 --- [    Test worker] com.example.books.BooksApplicationTests  : No active profile set, falling back to default profiles: default
2021-11-11 22:58:39.182  INFO 12149 --- [    Test worker] .s.d.r.c.RepositoryConfigurationDelegate : Bootstrapping Spring Data MongoDB repositories in DEFAULT mode.
2021-11-11 22:58:39.197  INFO 12149 --- [    Test worker] .s.d.r.c.RepositoryConfigurationDelegate : Finished Spring Data repository scanning in 9 ms. Found 0 MongoDB repository interfaces.
2021-11-11 22:58:41.567  INFO 12149 --- [    Test worker] org.mongodb.driver.cluster               : Cluster created with settings {hosts=[localhost:27017], mode=SINGLE, requiredClusterType=UNKNOWN, serverSelectionTimeout='30000 ms'}
2021-11-11 22:58:41.635  INFO 12149 --- [localhost:27017] org.mongodb.driver.cluster               : Exception in monitor thread while connecting to server localhost:27017

com.mongodb.MongoSocketOpenException: Exception opening socket
	at com.mongodb.internal.connection.SocketStream.open(SocketStream.java:70) ~[mongodb-driver-core-4.4.0-beta1.jar:na]
	at com.mongodb.internal.connection.InternalStreamConnection.open(InternalStreamConnection.java:180) ~[mongodb-driver-core-4.4.0-beta1.jar:na]
	at com.mongodb.internal.connection.DefaultServerMonitor$ServerMonitorRunnable.lookupServerDescription(DefaultServerMonitor.java:188) ~[mongodb-driver-core-4.4.0-beta1.jar:na]
	at com.mongodb.internal.connection.DefaultServerMonitor$ServerMonitorRunnable.run(DefaultServerMonitor.java:152) ~[mongodb-driver-core-4.4.0-beta1.jar:na]
	at java.base/java.lang.Thread.run(Thread.java:832) ~[na:na]
Caused by: java.net.ConnectException: Connection refused
	at java.base/sun.nio.ch.Net.pollConnect(Native Method) ~[na:na]
	at java.base/sun.nio.ch.Net.pollConnectNow(Net.java:589) ~[na:na]
	at java.base/sun.nio.ch.NioSocketImpl.timedFinishConnect(NioSocketImpl.java:542) ~[na:na]
	at java.base/sun.nio.ch.NioSocketImpl.connect(NioSocketImpl.java:597) ~[na:na]
	at java.base/java.net.SocksSocketImpl.connect(SocksSocketImpl.java:333) ~[na:na]
	at java.base/java.net.Socket.connect(Socket.java:648) ~[na:na]
	at com.mongodb.internal.connection.SocketStreamHelper.initialize(SocketStreamHelper.java:107) ~[mongodb-driver-core-4.4.0-beta1.jar:na]
	at com.mongodb.internal.connection.SocketStream.initializeSocket(SocketStream.java:79) ~[mongodb-driver-core-4.4.0-beta1.jar:na]
	at com.mongodb.internal.connection.SocketStream.open(SocketStream.java:65) ~[mongodb-driver-core-4.4.0-beta1.jar:na]
	... 4 common frames omitted

2021-11-11 22:58:42.085  INFO 12149 --- [    Test worker] .s.s.UserDetailsServiceAutoConfiguration : 

Using generated security password: fdae0996-6e71-4c89-9091-4c658238d03a

2021-11-11 22:58:42.227  INFO 12149 --- [    Test worker] o.s.s.web.DefaultSecurityFilterChain     : Will secure any request with [org.springframework.security.web.context.request.async.WebAsyncManagerIntegrationFilter@34bf1b76, org.springframework.security.web.context.SecurityContextPersistenceFilter@65de7cec, org.springframework.security.web.header.HeaderWriterFilter@2b2198af, org.springframework.security.web.csrf.CsrfFilter@687b7800, org.springframework.security.web.authentication.logout.LogoutFilter@6ef861cc, org.springframework.security.web.savedrequest.RequestCacheAwareFilter@713c4ae7, org.springframework.security.web.servletapi.SecurityContextHolderAwareRequestFilter@280467aa, org.springframework.security.web.authentication.AnonymousAuthenticationFilter@4d5828fc, org.springframework.security.web.session.SessionManagementFilter@67a15191, org.springframework.security.web.access.ExceptionTranslationFilter@3efdf3dc]
2021-11-11 22:58:42.347  INFO 12149 --- [    Test worker] com.example.books.BooksApplicationTests  : Started BooksApplicationTests in 4.661 seconds (JVM running for 6.522)
]]></system-out>
  <system-err><![CDATA[]]></system-err>
</testsuite>
